0 info it worked if it ends with ok
1 verbose cli [ 'node', '/usr/local/bin/npm', 'install', '-g', 'cordova' ]
2 info using npm@1.4.28
3 info using node@v0.10.35
4 verbose cache add [ 'cordova', null ]
5 verbose cache add name=undefined spec="cordova" args=["cordova",null]
6 verbose parsed url { protocol: null,
6 verbose parsed url   slashes: null,
6 verbose parsed url   auth: null,
6 verbose parsed url   host: null,
6 verbose parsed url   port: null,
6 verbose parsed url   hostname: null,
6 verbose parsed url   hash: null,
6 verbose parsed url   search: null,
6 verbose parsed url   query: null,
6 verbose parsed url   pathname: 'cordova',
6 verbose parsed url   path: 'cordova',
6 verbose parsed url   href: 'cordova' }
7 silly lockFile a98f2055-cordova cordova
8 verbose lock cordova /Users/WizardCode/.npm/a98f2055-cordova.lock
9 silly lockFile a98f2055-cordova cordova
10 silly lockFile a98f2055-cordova cordova
11 verbose addNamed [ 'cordova', '' ]
12 verbose addNamed [ null, '*' ]
13 silly lockFile de8d9fad-cordova cordova@
14 verbose lock cordova@ /Users/WizardCode/.npm/de8d9fad-cordova.lock
15 silly addNameRange { name: 'cordova', range: '*', hasData: false }
16 verbose registry.get https://registry.npmjs.org/cordova not expired, no request
17 silly addNameRange number 2 { name: 'cordova', range: '*', hasData: true }
18 silly addNameRange versions [ 'cordova',
18 silly addNameRange   [ '0.0.1',
18 silly addNameRange     '0.0.2',
18 silly addNameRange     '0.0.3',
18 silly addNameRange     '0.0.4',
18 silly addNameRange     '0.0.5',
18 silly addNameRange     '0.0.6',
18 silly addNameRange     '0.0.7',
18 silly addNameRange     '0.0.8',
18 silly addNameRange     '0.0.9',
18 silly addNameRange     '0.1.0',
18 silly addNameRange     '0.1.1',
18 silly addNameRange     '0.1.2',
18 silly addNameRange     '0.1.3',
18 silly addNameRange     '0.1.4',
18 silly addNameRange     '0.1.5',
18 silly addNameRange     '0.1.6',
18 silly addNameRange     '0.1.7',
18 silly addNameRange     '0.1.8',
18 silly addNameRange     '0.1.9',
18 silly addNameRange     '0.1.10',
18 silly addNameRange     '0.1.11',
18 silly addNameRange     '0.1.12',
18 silly addNameRange     '0.1.13',
18 silly addNameRange     '0.1.14',
18 silly addNameRange     '2.2.0',
18 silly addNameRange     '2.3.0',
18 silly addNameRange     '2.3.1',
18 silly addNameRange     '2.3.2',
18 silly addNameRange     '2.3.3',
18 silly addNameRange     '2.3.5',
18 silly addNameRange     '2.3.6',
18 silly addNameRange     '2.4.0',
18 silly addNameRange     '2.4.1',
18 silly addNameRange     '2.4.2',
18 silly addNameRange     '2.4.3',
18 silly addNameRange     '2.4.4',
18 silly addNameRange     '2.4.5',
18 silly addNameRange     '2.4.6',
18 silly addNameRange     '2.4.7',
18 silly addNameRange     '2.4.8',
18 silly addNameRange     '2.4.9',
18 silly addNameRange     '2.4.10',
18 silly addNameRange     '2.5.0',
18 silly addNameRange     '2.5.2',
18 silly addNameRange     '2.5.3',
18 silly addNameRange     '2.5.4',
18 silly addNameRange     '2.5.5',
18 silly addNameRange     '2.6.0',
18 silly addNameRange     '2.6.1',
18 silly addNameRange     '2.6.2',
18 silly addNameRange     '2.7.0-rc.1',
18 silly addNameRange     '2.7.1-rc.1',
18 silly addNameRange     '2.7.2',
18 silly addNameRange     '2.7.3',
18 silly addNameRange     '2.7.4',
18 silly addNameRange     '2.8.0',
18 silly addNameRange     '2.8.1',
18 silly addNameRange     '2.8.2',
18 silly addNameRange     '2.8.3',
18 silly addNameRange     '2.8.4',
18 silly addNameRange     '2.8.5',
18 silly addNameRange     '2.8.6',
18 silly addNameRange     '2.8.7',
18 silly addNameRange     '2.8.8',
18 silly addNameRange     '2.8.9',
18 silly addNameRange     '2.8.10',
18 silly addNameRange     '2.8.11',
18 silly addNameRange     '2.8.12',
18 silly addNameRange     '2.8.13',
18 silly addNameRange     '2.8.14',
18 silly addNameRange     '2.8.15',
18 silly addNameRange     '2.8.16',
18 silly addNameRange     '2.8.17',
18 silly addNameRange     '2.8.18',
18 silly addNameRange     '2.8.19',
18 silly addNameRange     '2.8.20',
18 silly addNameRange     '2.8.21',
18 silly addNameRange     '2.8.22',
18 silly addNameRange     '2.8.23',
18 silly addNameRange     '2.8.24',
18 silly addNameRange     '2.8.25',
18 silly addNameRange     '2.9.0',
18 silly addNameRange     '2.9.1',
18 silly addNameRange     '2.9.2',
18 silly addNameRange     '2.9.3',
18 silly addNameRange     '2.9.4',
18 silly addNameRange     '2.9.5',
18 silly addNameRange     '2.9.6',
18 silly addNameRange     '2.9.7',
18 silly addNameRange     '3.0.0-rc1',
18 silly addNameRange     '3.0.0-rc1-1',
18 silly addNameRange     '3.0.0-rc1-3',
18 silly addNameRange     '3.0.0',
18 silly addNameRange     '3.0.1',
18 silly addNameRange     '3.0.2',
18 silly addNameRange     '3.0.3',
18 silly addNameRange     '3.0.4',
18 silly addNameRange     '3.0.5',
18 silly addNameRange     '3.0.6',
18 silly addNameRange     '3.0.7',
18 silly addNameRange     '3.0.8',
18 silly addNameRange     '3.0.9',
18 silly addNameRange     '3.0.10',
18 silly addNameRange     '3.1.0-0.1.0',
18 silly addNameRange     '3.1.0-0.2.0',
18 silly addNameRange     '3.2.0-rc.1',
18 silly addNameRange     '3.2.0-0.1.0',
18 silly addNameRange     '3.2.0-0.2.0',
18 silly addNameRange     '3.2.0-0.3.0',
18 silly addNameRange     '3.2.0-0.4.0',
18 silly addNameRange     '3.3.0-rc.1',
18 silly addNameRange     '3.3.0-0.1.1',
18 silly addNameRange     '3.3.1-0.1.2',
18 silly addNameRange     '2.9.0-rc1',
18 silly addNameRange     '3.3.1-0.3.0',
18 silly addNameRange     '3.3.1-0.3.1',
18 silly addNameRange     '3.3.1-0.4.1',
18 silly addNameRange     '3.3.1-0.4.2',
18 silly addNameRange     '3.4.0-0.1.0',
18 silly addNameRange     '3.4.0-0.1.1',
18 silly addNameRange     '3.4.0-0.1.2',
18 silly addNameRange     '3.4.0-0.1.3',
18 silly addNameRange     '0.0.0-fake',
18 silly addNameRange     '3.4.1-0.1.0',
18 silly addNameRange     '3.5.0-0.2.0',
18 silly addNameRange     '3.5.0-0.2.1',
18 silly addNameRange     '3.5.0-0.2.2',
18 silly addNameRange     '3.5.0-0.2.3',
18 silly addNameRange     '3.5.0-0.2.4',
18 silly addNameRange     '3.5.0-0.2.6',
18 silly addNameRange     '3.5.0-0.2.7',
18 silly addNameRange     '3.6.0-0.2.8',
18 silly addNameRange     '3.6.0-0.2.9',
18 silly addNameRange     '3.6.1-0.2.10',
18 silly addNameRange     '3.6.3-0.2.11',
18 silly addNameRange     '3.6.3-0.2.12',
18 silly addNameRange     '3.6.3-0.2.13',
18 silly addNameRange     '4.0.0',
18 silly addNameRange     '4.0.1',
18 silly addNameRange     '4.1.0',
18 silly addNameRange     '4.1.1',
18 silly addNameRange     '4.1.2',
18 silly addNameRange     '4.1.3-nightly.2014.10.21',
18 silly addNameRange     '4.2.0' ] ]
19 verbose addNamed [ 'cordova', '4.2.0' ]
20 verbose addNamed [ '4.2.0', '4.2.0' ]
21 silly lockFile ab86ab8c-cordova-4-2-0 cordova@4.2.0
22 verbose lock cordova@4.2.0 /Users/WizardCode/.npm/ab86ab8c-cordova-4-2-0.lock
23 silly lockFile ab86ab8c-cordova-4-2-0 cordova@4.2.0
24 silly lockFile ab86ab8c-cordova-4-2-0 cordova@4.2.0
25 silly lockFile de8d9fad-cordova cordova@
26 silly lockFile de8d9fad-cordova cordova@
27 silly resolved [ { name: 'cordova',
27 silly resolved     version: '4.2.0',
27 silly resolved     preferGlobal: 'true',
27 silly resolved     description: 'Cordova command line interface tool',
27 silly resolved     main: 'cordova',
27 silly resolved     engines: { node: '>=0.9.9' },
27 silly resolved     engineStrict: true,
27 silly resolved     bin: { cordova: './bin/cordova' },
27 silly resolved     scripts:
27 silly resolved      { test: 'node node_modules/jasmine-node/bin/jasmine-node --captureExceptions --color spec',
27 silly resolved        cover: 'node node_modules/istanbul/lib/cli.js cover --root src --print detail node_modules/jasmine-node/bin/jasmine-node -- spec' },
27 silly resolved     repository:
27 silly resolved      { type: 'git',
27 silly resolved        url: 'https://git-wip-us.apache.org/repos/asf/cordova-cli.git' },
27 silly resolved     bugs:
27 silly resolved      { url: 'https://issues.apache.org/jira/browse/CB',
27 silly resolved        email: 'dev@cordova.apache.org' },
27 silly resolved     keywords: [ 'cordova', 'client', 'cli' ],
27 silly resolved     dependencies:
27 silly resolved      { 'cordova-lib': '4.2.0',
27 silly resolved        q: '1.0.1',
27 silly resolved        nopt: '3.0.1',
27 silly resolved        underscore: '1.7.0' },
27 silly resolved     devDependencies: { istanbul: '^0.3.4', 'jasmine-node': '1.14.5' },
27 silly resolved     author: { name: 'Anis Kadri' },
27 silly resolved     contributors:
27 silly resolved      [ [Object],
27 silly resolved        [Object],
27 silly resolved        [Object],
27 silly resolved        [Object],
27 silly resolved        [Object],
27 silly resolved        [Object],
27 silly resolved        [Object],
27 silly resolved        [Object],
27 silly resolved        [Object],
27 silly resolved        [Object],
27 silly resolved        [Object],
27 silly resolved        [Object],
27 silly resolved        [Object],
27 silly resolved        [Object],
27 silly resolved        [Object],
27 silly resolved        [Object],
27 silly resolved        [Object],
27 silly resolved        [Object],
27 silly resolved        [Object],
27 silly resolved        [Object],
27 silly resolved        [Object],
27 silly resolved        [Object],
27 silly resolved        [Object],
27 silly resolved        [Object] ],
27 silly resolved     license: 'Apache version 2.0',
27 silly resolved     _id: 'cordova@4.2.0',
27 silly resolved     _shasum: 'e4519197040b09b1bd131ecebc847716a2a7d7d0',
27 silly resolved     _resolved: 'https://registry.npmjs.org/cordova/-/cordova-4.2.0.tgz',
27 silly resolved     _from: 'cordova@',
27 silly resolved     _npmVersion: '2.1.4',
27 silly resolved     _nodeVersion: '0.10.32',
27 silly resolved     _npmUser: { name: 'stevegill', email: 'stevengill97@gmail.com' },
27 silly resolved     maintainers:
27 silly resolved      [ [Object],
27 silly resolved        [Object],
27 silly resolved        [Object],
27 silly resolved        [Object],
27 silly resolved        [Object],
27 silly resolved        [Object],
27 silly resolved        [Object],
27 silly resolved        [Object],
27 silly resolved        [Object],
27 silly resolved        [Object],
27 silly resolved        [Object],
27 silly resolved        [Object],
27 silly resolved        [Object],
27 silly resolved        [Object],
27 silly resolved        [Object] ],
27 silly resolved     dist:
27 silly resolved      { shasum: 'e4519197040b09b1bd131ecebc847716a2a7d7d0',
27 silly resolved        tarball: 'http://registry.npmjs.org/cordova/-/cordova-4.2.0.tgz' },
27 silly resolved     directories: {},
27 silly resolved     readme: 'ERROR: No README data found!' } ]
28 info install cordova@4.2.0 into /usr/local/lib
29 info installOne cordova@4.2.0
30 verbose lib/node_modules/cordova unbuild
31 verbose tar unpack /Users/WizardCode/.npm/cordova/4.2.0/package.tgz
32 silly lockFile 9557e84b-r-local-lib-node-modules-cordova tar:///usr/local/lib/node_modules/cordova
33 verbose lock tar:///usr/local/lib/node_modules/cordova /Users/WizardCode/.npm/9557e84b-r-local-lib-node-modules-cordova.lock
34 silly lockFile 3fb6ad5d-de-npm-cordova-4-2-0-package-tgz tar:///Users/WizardCode/.npm/cordova/4.2.0/package.tgz
35 verbose lock tar:///Users/WizardCode/.npm/cordova/4.2.0/package.tgz /Users/WizardCode/.npm/3fb6ad5d-de-npm-cordova-4-2-0-package-tgz.lock
36 silly gunzTarPerm modes [ '755', '644' ]
37 error Error: EACCES, mkdir '/usr/local/lib/node_modules/cordova'
37 error  { [Error: EACCES, mkdir '/usr/local/lib/node_modules/cordova']
37 error   errno: 3,
37 error   code: 'EACCES',
37 error   path: '/usr/local/lib/node_modules/cordova',
37 error   fstream_type: 'Directory',
37 error   fstream_path: '/usr/local/lib/node_modules/cordova',
37 error   fstream_class: 'DirWriter',
37 error   fstream_stack:
37 error    [ '/usr/local/lib/node_modules/npm/node_modules/fstream/lib/dir-writer.js:36:23',
37 error      '/usr/local/lib/node_modules/npm/node_modules/mkdirp/index.js:46:53',
37 error      'Object.oncomplete (fs.js:108:15)' ] }
38 error Please try running this command again as root/Administrator.
39 error System Darwin 14.0.0
40 error command "node" "/usr/local/bin/npm" "install" "-g" "cordova"
41 error cwd /Users/WizardCode/Documents/My_Work/PhoneGap/phonecooker/platforms/android/cordova
42 error node -v v0.10.35
43 error npm -v 1.4.28
44 error path /usr/local/lib/node_modules/cordova
45 error fstream_path /usr/local/lib/node_modules/cordova
46 error fstream_type Directory
47 error fstream_class DirWriter
48 error code EACCES
49 error errno 3
50 error stack Error: EACCES, mkdir '/usr/local/lib/node_modules/cordova'
51 error fstream_stack /usr/local/lib/node_modules/npm/node_modules/fstream/lib/dir-writer.js:36:23
51 error fstream_stack /usr/local/lib/node_modules/npm/node_modules/mkdirp/index.js:46:53
51 error fstream_stack Object.oncomplete (fs.js:108:15)
52 verbose exit [ 3, true ]
